0 verbose cli C:\Program Files\nodejs\node.exe C:\path\to\your\project\node_modules\node_modules\npm\bin\npm-cli.js
1 info using npm@10.7.0
2 info using node@v20.13.1
3 silly config:load:file:C:\path\to\your\project\node_modules\node_modules\npm\npmrc
4 silly config:load:file:C:\Users\S566466\Documents\GDP\GDP-Project-EduLearn-03\Edu-learn\.npmrc
5 silly config:load:file:C:\Users\S566466\.npmrc
6 silly config:load:file:C:\path\to\your\project\node_modules\etc\npmrc
7 verbose title npm start
8 verbose argv "start"
9 verbose logfile logs-max:10 dir:C:\Users\s566466\f23wa26bathala\npm-cache\_logs\2024-05-14T05_20_17_136Z-
10 verbose logfile C:\Users\s566466\f23wa26bathala\npm-cache\_logs\2024-05-14T05_20_17_136Z-debug-0.log
11 silly logfile start cleaning logs, removing 1 files
12 silly logfile done cleaning log files
13 verbose stack Error: Missing script: "start"
13 verbose stack
13 verbose stack Did you mean one of these?
13 verbose stack   npm star # Mark your favorite packages
13 verbose stack   npm stars # View packages marked as favorites
13 verbose stack
13 verbose stack To see a list of scripts, run:
13 verbose stack   npm run
13 verbose stack     at RunScript.run (C:\path\to\your\project\node_modules\node_modules\npm\lib\commands\run-script.js:79:13)
13 verbose stack     at async module.exports (C:\path\to\your\project\node_modules\node_modules\npm\lib\cli\entry.js:74:5)
14 verbose cwd C:\Users\S566466\Documents\GDP\GDP-Project-EduLearn-03\Edu-learn
15 verbose Windows_NT 10.0.22631
16 verbose node v20.13.1
17 verbose npm  v10.7.0
18 error Missing script: "start"
18 error
18 error Did you mean one of these?
18 error   npm star # Mark your favorite packages
18 error   npm stars # View packages marked as favorites
18 error
18 error To see a list of scripts, run:
18 error   npm run
19 verbose exit 1
20 verbose code 1
21 error A complete log of this run can be found in: C:\Users\s566466\f23wa26bathala\npm-cache\_logs\2024-05-14T05_20_17_136Z-debug-0.log
